<?xml version="1.0" encoding="UTF-8"?>
<!-- Generated by org.testng.reporters.JUnitReportReporter -->
<testsuite hostname="RAHUL-DESKTOP" failures="0" tests="1" name="JIRA.JIRA_AUTOMATION_PROJECT.Add_Comment" time="0.129" errors="0" timestamp="2024-01-30T09:50:49 IST" skipped="0">
  <testcase classname="JIRA.JIRA_AUTOMATION_PROJECT.Add_Comment" name="addComment" time="0.129"/>
  <system-out/>
</testsuite> <!-- JIRA.JIRA_AUTOMATION_PROJECT.Add_Comment -->
