<?xml version="1.0" encoding="UTF-8"?>
<!-- Generated by org.testng.reporters.JUnitReportReporter -->
<testsuite hostname="RAHUL-DESKTOP" failures="0" tests="1" name="JIRA.JIRA_AUTOMATION_PROJECT.Get_Issue" time="0.034" errors="0" timestamp="2024-01-30T09:09:36 IST" skipped="0">
  <testcase classname="JIRA.JIRA_AUTOMATION_PROJECT.Get_Issue" name="getIssue" time="0.034"/>
  <system-out/>
</testsuite> <!-- JIRA.JIRA_AUTOMATION_PROJECT.Get_Issue -->
