<?xml version="1.0" encoding="UTF-8"?>
<!-- Generated by org.testng.reporters.JUnitReportReporter -->
<testsuite hostname="RAHUL-DESKTOP" failures="0" tests="1" name="JIRA.JIRA_AUTOMATION_PROJECT.CRUD_OPERATIONS.Update_Issue" time="0.037" errors="0" timestamp="2024-01-30T09:34:35 IST" skipped="0">
  <testcase classname="JIRA.JIRA_AUTOMATION_PROJECT.CRUD_OPERATIONS.Update_Issue" name="updateIssue" time="0.037"/>
  <system-out/>
</testsuite> <!-- JIRA.JIRA_AUTOMATION_PROJECT.CRUD_OPERATIONS.Update_Issue -->
