<?xml version="1.0" encoding="UTF-8"?>
<!-- Generated by org.testng.reporters.JUnitReportReporter -->
<testsuite hostname="RAHUL-DESKTOP" failures="0" tests="1" name="JIRA.JIRA_AUTOMATION_PROJECT.Create_Issue" time="0.701" errors="0" timestamp="2024-01-29T23:02:08 IST" skipped="0">
  <testcase classname="JIRA.JIRA_AUTOMATION_PROJECT.Create_Issue" name="createIssue" time="0.701"/>
  <system-out/>
</testsuite> <!-- JIRA.JIRA_AUTOMATION_PROJECT.Create_Issue -->
